<?xml version="1.0" encoding="UTF-8"?>
<coverage generated="1600034242024" clover="3.2.0">
  <project timestamp="1600034242025" name="All files">
    <metrics statements="8" coveredstatements="8" conditionals="10" coveredconditionals="10" methods="1" coveredmethods="1" elements="19" coveredelements="19" complexity="0" loc="8" ncloc="8" packages="1" files="1" classes="1"/>
    <file name="income-tax.js" path="/home/gustavo/Desktop/Validação e Verificação de Software/software-testing/structural-test-income-tax/income-tax.js">
      <metrics statements="8" coveredstatements="8" conditionals="10" coveredconditionals="10" methods="1" coveredmethods="1"/>
      <line num="6" count="1" type="stmt"/>
      <line num="7" count="4" type="stmt"/>
      <line num="9" count="4" type="cond" truecount="2" falsecount="0"/>
      <line num="10" count="3" type="cond" truecount="4" falsecount="0"/>
      <line num="11" count="3" type="cond" truecount="2" falsecount="0"/>
      <line num="12" count="3" type="cond" truecount="2" falsecount="0"/>
      <line num="14" count="3" type="stmt"/>
      <line num="17" count="1" type="stmt"/>
    </file>
  </project>
</coverage>
